Using pre-set license
Built from '2020.3/staging' branch; Version is '2020.3.13f1 (71691879b7f5) revision 7432472'; Using compiler version '192528614'; Build Type 'Release'
OS: 'Windows 10 Education; OS build 18363.1679; Version 1909; 64bit' Language: 'en' Physical Memory: 16334 MB
BatchMode: 1, IsHumanControllingUs: 0, StartBugReporterOnCrash: 0, Is64bit: 1, IsPro: 0

 COMMAND LINE ARGUMENTS:
C:\Program Files\Unity\Hub\Editor\2020.3.13f1\Editor\Unity.exe
-adb2
-batchMode
-noUpm
-name
AssetImportWorker0
-projectPath
D:/Kang Family/desktop/ICS-Project 2/3D-Dinosaur-Game/Project
-logFile
Logs/AssetImportWorker0.log
-srvPort
60658
Successfully changed project path to: D:/Kang Family/desktop/ICS-Project 2/3D-Dinosaur-Game/Project
D:/Kang Family/desktop/ICS-Project 2/3D-Dinosaur-Game/Project
Using Asset Import Pipeline V2.
Refreshing native plugins compatible for Editor in 31.59 ms, found 2 plugins.
Preloading 0 native plugins for Editor in 0.00 ms.
Initialize engine version: 2020.3.13f1 (71691879b7f5)
[Subsystems] Discovering subsystems at path C:/Program Files/Unity/Hub/Editor/2020.3.13f1/Editor/Data/Resources/UnitySubsystems
[Subsystems] Discovering subsystems at path D:/Kang Family/desktop/ICS-Project 2/3D-Dinosaur-Game/Project/Assets
GfxDevice: creating device client; threaded=0
Direct3D:
    Version:  Direct3D 11.0 [level 11.1]
    Renderer: NVIDIA GeForce RTX 3060 Ti (ID=0x2486)
    Vendor:   
    VRAM:     8050 MB
    Driver:   27.21.14.6079
Initialize mono
Mono path[0] = 'C:/Program Files/Unity/Hub/Editor/2020.3.13f1/Editor/Data/Managed'
Mono path[1] = 'C:/Program Files/Unity/Hub/Editor/2020.3.13f1/Editor/Data/MonoBleedingEdge/lib/mono/unityjit'
Mono config path = 'C:/Program Files/Unity/Hub/Editor/2020.3.13f1/Editor/Data/MonoBleedingEdge/etc'
Using monoOptions --debugger-agent=transport=dt_socket,embedding=1,server=y,suspend=n,address=127.0.0.1:56800
Begin MonoManager ReloadAssembly
Registering precompiled unity dll's ...
Register platform support module: C:/Program Files/Unity/Hub/Editor/2020.3.13f1/Editor/Data/PlaybackEngines/WindowsStandaloneSupport/UnityEditor.WindowsStandalone.Extensions.dll
Registered in 0.005737 seconds.
Native extension for WindowsStandalone target not found
Refreshing native plugins compatible for Editor in 30.08 ms, found 2 plugins.
Preloading 0 native plugins for Editor in 0.00 ms.
Mono: successfully reloaded assembly
- Completed reload, in  1.189 seconds
Platform modules already initialized, skipping
Registering precompiled user dll's ...
Registered in 0.004981 seconds.
Begin MonoManager ReloadAssembly
Native extension for WindowsStandalone target not found
Refreshing native plugins compatible for Editor in 0.32 ms, found 2 plugins.
Preloading 0 native plugins for Editor in 0.00 ms.
Mono: successfully reloaded assembly
- Completed reload, in  1.205 seconds
Platform modules already initialized, skipping
========================================================================
Worker process is ready to serve import requests
Launched and connected shader compiler UnityShaderCompiler.exe after 0.06 seconds
Refreshing native plugins compatible for Editor in 0.31 ms, found 2 plugins.
Preloading 0 native plugins for Editor in 0.00 ms.
Unloading 1391 Unused Serialized files (Serialized files now loaded: 0)
System memory in use before: 65.3 MB.
System memory in use after: 65.4 MB.

Unloading 19 unused Assets to reduce memory usage. Loaded Objects now: 1826.
Total: 2.018700 ms (FindLiveObjects: 0.165300 ms CreateObjectMapping: 0.036200 ms MarkObjects: 1.702600 ms  DeleteObjects: 0.113500 ms)

AssetImportParameters requested are different than current active one (requested -> active):
  custom:framework-win-MediaFoundation: 216162199b28c13a410421893ffa2e32 -> 
  custom:video-decoder-ogg-theora: a1e56fd34408186e4bbccfd4996cb3dc -> 
  custom:container-muxer-webm: aa71ff27fc2769a1b78a27578f13a17b -> 
  custom:container-demuxer-webm: 4f35f7cbe854078d1ac9338744f61a02 -> 
  custom:container-demuxer-ogg: 62fdf1f143b41e24485cea50d1cbac27 -> 
  custom:video-encoder-webm-vp8: eb34c28f22e8b96e1ab97ce403110664 -> 
  custom:video-decoder-webm-vp8: 9c59270c3fd7afecdb556c50c9e8de78 -> 
  custom:audio-decoder-ogg-vorbis: bf7c407c2cedff20999df2af8eb42d56 -> 
  custom:audio-encoder-webm-vorbis: bf7c407c2cedff20999df2af8eb42d56 -> 
========================================================================
Received Import Request.
  path: Assets/Models/FBXfiles/sam_cactus.fbx
  artifactKey: Guid(0653da7be1e080047bcdded647115ac1) Importer(815301076,1909f56bfc062723c751e8b465ee728b)
Start importing Assets/Models/FBXfiles/sam_cactus.fbx using Guid(0653da7be1e080047bcdded647115ac1) Importer(815301076,1909f56bfc062723c751e8b465ee728b)  -> (artifact id: '08228bd4ceb9b2dbcfcb5785f6c810c7') in 0.246809 seconds 
  Import took 0.265028 seconds .

========================================================================
Received Import Request.
  Time since last request: 0.000206 seconds.
  path: Assets/Models/FBXfiles/sundecoration.fbx
  artifactKey: Guid(36280c8b368503540845947189e2655a) Importer(815301076,1909f56bfc062723c751e8b465ee728b)
Start importing Assets/Models/FBXfiles/sundecoration.fbx using Guid(36280c8b368503540845947189e2655a) Importer(815301076,1909f56bfc062723c751e8b465ee728b)  -> (artifact id: 'f74e99fb033700ef1e5c7d45f63ed60c') in 0.130159 seconds 
  Import took 0.147713 seconds .

========================================================================
Received Import Request.
  Time since last request: 0.000174 seconds.
  path: Assets/Models/FBXfiles/dino.fbx
  artifactKey: Guid(7f226848c25f4f64e819d850e144960b) Importer(815301076,1909f56bfc062723c751e8b465ee728b)
Start importing Assets/Models/FBXfiles/dino.fbx using Guid(7f226848c25f4f64e819d850e144960b) Importer(815301076,1909f56bfc062723c751e8b465ee728b)  -> (artifact id: 'aa138a585091ea64502f7763d1050920') in 0.028730 seconds 
  Import took 0.044712 seconds .

========================================================================
Received Import Request.
  Time since last request: 0.000224 seconds.
  path: Assets/Models/FBXfiles/2dHazardPrototype.fbx
  artifactKey: Guid(500100fe7fc391343a58af4bc5608b2e) Importer(815301076,1909f56bfc062723c751e8b465ee728b)
Start importing Assets/Models/FBXfiles/2dHazardPrototype.fbx using Guid(500100fe7fc391343a58af4bc5608b2e) Importer(815301076,1909f56bfc062723c751e8b465ee728b)  -> (artifact id: '1f59195bc1dc4c6716d794a011d5ae15') in 0.035394 seconds 
  Import took 0.049046 seconds .

========================================================================
Received Import Request.
  Time since last request: 0.000158 seconds.
  path: Assets/Models/FBXfiles/cactus.fbx
  artifactKey: Guid(69cdb31a5e1f1074fb64324b371c4df9) Importer(815301076,1909f56bfc062723c751e8b465ee728b)
Start importing Assets/Models/FBXfiles/cactus.fbx using Guid(69cdb31a5e1f1074fb64324b371c4df9) Importer(815301076,1909f56bfc062723c751e8b465ee728b)  -> (artifact id: '8d5e147e313bd5a0b062e88db5c6f066') in 0.079386 seconds 
  Import took 0.081792 seconds .

========================================================================
Received Import Request.
  Time since last request: 0.000221 seconds.
  path: Assets/Models/FBXfiles/logObstacle.fbx
  artifactKey: Guid(26a9985a68e3e54418e1469f534094c1) Importer(815301076,1909f56bfc062723c751e8b465ee728b)
Start importing Assets/Models/FBXfiles/logObstacle.fbx using Guid(26a9985a68e3e54418e1469f534094c1) Importer(815301076,1909f56bfc062723c751e8b465ee728b)  -> (artifact id: '2e43dd842de35cc4912ddf80fb469743') in 0.024422 seconds 
  Import took 0.027177 seconds .

========================================================================
Received Import Request.
  Time since last request: 0.000259 seconds.
  path: Assets/Models/FBXfiles/spikeObstacle.fbx
  artifactKey: Guid(051df27472069ac479b336499cd901b6) Importer(815301076,1909f56bfc062723c751e8b465ee728b)
Start importing Assets/Models/FBXfiles/spikeObstacle.fbx using Guid(051df27472069ac479b336499cd901b6) Importer(815301076,1909f56bfc062723c751e8b465ee728b)  -> (artifact id: '800c6a710e7dc3aa673bdf4dff3ba403') in 0.043548 seconds 
  Import took 0.046400 seconds .

========================================================================
Received Import Request.
  Time since last request: 0.000224 seconds.
  path: Assets/Models/FBXfiles/wallObstacle.fbx
  artifactKey: Guid(c0ce79403430897499e020eef88dfd69) Importer(815301076,1909f56bfc062723c751e8b465ee728b)
Start importing Assets/Models/FBXfiles/wallObstacle.fbx using Guid(c0ce79403430897499e020eef88dfd69) Importer(815301076,1909f56bfc062723c751e8b465ee728b)  -> (artifact id: '824744b0d9150874e7306b24205aee05') in 0.033107 seconds 
  Import took 0.035756 seconds .

========================================================================
Received Import Request.
  Time since last request: 23.772218 seconds.
  path: Assets/Animations/logObstacle.controller
  artifactKey: Guid(3627f4366ed060f41aca2ec720308902) Importer(815301076,1909f56bfc062723c751e8b465ee728b)
Start importing Assets/Animations/logObstacle.controller using Guid(3627f4366ed060f41aca2ec720308902) Importer(815301076,1909f56bfc062723c751e8b465ee728b)  -> (artifact id: 'ecda51404e250ffb8819dcdbcd4f6920') in 0.009077 seconds 
  Import took 0.031387 seconds .

========================================================================
Received Import Request.
  Time since last request: 3.824232 seconds.
  path: Assets/Animations/roll2.anim
  artifactKey: Guid(8d03586955fc91b44b8d00c5a5a8ba82) Importer(815301076,1909f56bfc062723c751e8b465ee728b)
Start importing Assets/Animations/roll2.anim using Guid(8d03586955fc91b44b8d00c5a5a8ba82) Importer(815301076,1909f56bfc062723c751e8b465ee728b)  -> (artifact id: '9e0cd17bbaf765353d209c7742b1458a') in 0.008309 seconds 
  Import took 0.012864 seconds .

========================================================================
Received Prepare
Registering precompiled user dll's ...
Registered in 0.004629 seconds.
Begin MonoManager ReloadAssembly
Native extension for WindowsStandalone target not found
Refreshing native plugins compatible for Editor in 0.34 ms, found 2 plugins.
Preloading 0 native plugins for Editor in 0.00 ms.
Mono: successfully reloaded assembly
- Completed reload, in  1.029 seconds
Platform modules already initialized, skipping
Refreshing native plugins compatible for Editor in 0.32 ms, found 2 plugins.
Preloading 0 native plugins for Editor in 0.00 ms.
Unloading 1386 Unused Serialized files (Serialized files now loaded: 0)
System memory in use before: 68.8 MB.
System memory in use after: 68.8 MB.

Unloading 14 unused Assets to reduce memory usage. Loaded Objects now: 1872.
Total: 1.893600 ms (FindLiveObjects: 0.167300 ms CreateObjectMapping: 0.032900 ms MarkObjects: 1.622100 ms  DeleteObjects: 0.070100 ms)

AssetImportParameters requested are different than current active one (requested -> active):
  custom:framework-win-MediaFoundation: 216162199b28c13a410421893ffa2e32 -> 
  custom:video-decoder-ogg-theora: a1e56fd34408186e4bbccfd4996cb3dc -> 
  custom:container-muxer-webm: aa71ff27fc2769a1b78a27578f13a17b -> 
  custom:container-demuxer-webm: 4f35f7cbe854078d1ac9338744f61a02 -> 
  custom:container-demuxer-ogg: 62fdf1f143b41e24485cea50d1cbac27 -> 
  custom:video-encoder-webm-vp8: eb34c28f22e8b96e1ab97ce403110664 -> 
  custom:video-decoder-webm-vp8: 9c59270c3fd7afecdb556c50c9e8de78 -> 
  custom:audio-decoder-ogg-vorbis: bf7c407c2cedff20999df2af8eb42d56 -> 
  custom:audio-encoder-webm-vorbis: bf7c407c2cedff20999df2af8eb42d56 -> 
AssetImportWorkerClient::OnTransportError - code=2 error=End of file
